<?xml version="1.0" encoding="utf-8"?>
<test-run id="2" name="Delegates.TreeTraversal.exe" fullname="C:/MyRepo/Delegates.TreeTraversal/bin/Debug/Delegates.TreeTraversal.exe" testcasecount="1" result="Failed" start-time="2018-04-03 20:00:58Z" end-time="2018-04-03 20:00:58Z" duration="0.483918" total="1" passed="0" failed="1" inconclusive="0" skipped="0" asserts="1" random-seed="1978583313">
  <command-line><![CDATA["C:\MyRepo\Delegates.TreeTraversal\bin\Debug\Delegates.TreeTraversal.exe"   ]]></command-line>
  <filter />
  <test-suite type="Assembly" id="1002" name="Delegates.TreeTraversal.exe" fullname="C:/MyRepo/Delegates.TreeTraversal/bin/Debug/Delegates.TreeTraversal.exe" runstate="Runnable" testcasecount="1" result="Failed" site="Child" start-time="2018-04-03 20:00:58Z" end-time="2018-04-03 20:00:58Z" duration="0.483918" total="1" passed="0" failed="1" warnings="0" inconclusive="0" skipped="0" asserts="1">
    <environment framework-version="3.6.0.0" clr-version="4.0.30319.42000" os-version="Microsoft Windows NT 6.2.9200.0" platform="Win32NT" cwd="C:\MyRepo\Delegates.TreeTraversal\bin\Debug" machine-name="DESKTOP-MJHFLF4" user="altuk" user-domain="DESKTOP-MJHFLF4" culture="en-US" uiculture="en-US" os-architecture="x86" />
    <settings>
      <setting name="WorkDirectory" value="C:\MyRepo\Delegates.TreeTraversal\bin\Debug" />
      <setting name="NumberOfTestWorkers" value="4" />
    </settings>
    <properties>
      <property name="_PID" value="7560" />
      <property name="_APPDOMAIN" value="Delegates.TreeTraversal.exe" />
    </properties>
    <failure>
      <message><![CDATA[One or more child tests had errors]]></message>
    </failure>
    <test-suite type="TestSuite" id="1003" name="Delegates" fullname="Delegates" runstate="Runnable" testcasecount="1" result="Failed" site="Child" start-time="2018-04-03 20:00:58Z" end-time="2018-04-03 20:00:58Z" duration="0.439400" total="1" passed="0" failed="1" warnings="0" inconclusive="0" skipped="0" asserts="1">
      <failure>
        <message><![CDATA[One or more child tests had errors]]></message>
      </failure>
      <test-suite type="TestSuite" id="1004" name="TreeTraversal" fullname="Delegates.TreeTraversal" runstate="Runnable" testcasecount="1" result="Failed" site="Child" start-time="2018-04-03 20:00:58Z" end-time="2018-04-03 20:00:58Z" duration="0.435467" total="1" passed="0" failed="1" warnings="0" inconclusive="0" skipped="0" asserts="1">
        <failure>
          <message><![CDATA[One or more child tests had errors]]></message>
        </failure>
        <test-suite type="TestFixture" id="1000" name="Traversal_should" fullname="Delegates.TreeTraversal.Traversal_should" classname="Delegates.TreeTraversal.Traversal_should" runstate="Runnable" testcasecount="1" result="Failed" site="Child" start-time="2018-04-03 20:00:58Z" end-time="2018-04-03 20:00:58Z" duration="0.422297" total="1" passed="0" failed="1" warnings="0" inconclusive="0" skipped="0" asserts="1">
          <failure>
            <message><![CDATA[One or more child tests had errors]]></message>
          </failure>
          <test-case id="1001" name="GetEndJobs" fullname="Delegates.TreeTraversal.Traversal_should.GetEndJobs" methodname="GetEndJobs" classname="Delegates.TreeTraversal.Traversal_should" runstate="Runnable" seed="712846819" result="Failed" start-time="2018-04-03 20:00:58Z" end-time="2018-04-03 20:00:58Z" duration="0.381137" asserts="1">
            <failure>
              <message><![CDATA[  Expected: equivalent to < "1", "2", "3" >
  But was:  < "3" >
]]></message>
              <stack-trace><![CDATA[at NUnit.Framework.CollectionAssert.AreEquivalent(IEnumerable expected, IEnumerable actual)
at Delegates.TreeTraversal.Traversal_should.Test[T,TIntermediate](IEnumerable`1 actual, Func`2 selector, TIntermediate[] expected) in C:\MyRepo\Delegates.TreeTraversal\Traversal_should.cs:line 16
at Delegates.TreeTraversal.Traversal_should.GetEndJobs() in C:\MyRepo\Delegates.TreeTraversal\Traversal_should.cs:line 85
]]></stack-trace>
            </failure>
            <assertions>
              <assertion result="Failed">
                <message><![CDATA[  Expected: equivalent to < "1", "2", "3" >
  But was:  < "3" >
]]></message>
                <stack-trace><![CDATA[at NUnit.Framework.CollectionAssert.AreEquivalent(IEnumerable expected, IEnumerable actual)
at Delegates.TreeTraversal.Traversal_should.Test[T,TIntermediate](IEnumerable`1 actual, Func`2 selector, TIntermediate[] expected) in C:\MyRepo\Delegates.TreeTraversal\Traversal_should.cs:line 16
at Delegates.TreeTraversal.Traversal_should.GetEndJobs() in C:\MyRepo\Delegates.TreeTraversal\Traversal_should.cs:line 85
]]></stack-trace>
              </assertion>
            </assertions>
          </test-case>
        </test-suite>
      </test-suite>
    </test-suite>
  </test-suite>
</test-run>