<?xml version="1.0" encoding="utf-8"?>
<test-run id="2" name="Delegates.TreeTraversal.exe" fullname="C:/MyRepo/Delegates.TreeTraversal/bin/Debug/Delegates.TreeTraversal.exe" testcasecount="3" result="Failed" start-time="2018-03-26 15:44:01Z" end-time="2018-03-26 15:44:01Z" duration="0.082177" total="3" passed="0" failed="3" inconclusive="0" skipped="0" asserts="0" random-seed="1731411005">
  <command-line><![CDATA["C:\MyRepo\Delegates.TreeTraversal\bin\Debug\Delegates.TreeTraversal.exe"   ]]></command-line>
  <filter />
  <test-suite type="Assembly" id="1004" name="Delegates.TreeTraversal.exe" fullname="C:/MyRepo/Delegates.TreeTraversal/bin/Debug/Delegates.TreeTraversal.exe" runstate="Runnable" testcasecount="3" result="Failed" site="Child" start-time="2018-03-26 15:44:01Z" end-time="2018-03-26 15:44:01Z" duration="0.082177" total="3" passed="0" failed="3" warnings="0" inconclusive="0" skipped="0" asserts="0">
    <environment framework-version="3.6.0.0" clr-version="4.0.30319.42000" os-version="Microsoft Windows NT 6.2.9200.0" platform="Win32NT" cwd="C:\MyRepo\Delegates.TreeTraversal\bin\Debug" machine-name="MSK-WS-120" user="aaltukhov" user-domain="INT" culture="ru-RU" uiculture="en-US" os-architecture="x86" />
    <settings>
      <setting name="WorkDirectory" value="C:\MyRepo\Delegates.TreeTraversal\bin\Debug" />
      <setting name="NumberOfTestWorkers" value="4" />
    </settings>
    <properties>
      <property name="_PID" value="11608" />
      <property name="_APPDOMAIN" value="Delegates.TreeTraversal.exe" />
    </properties>
    <failure>
      <message><![CDATA[One or more child tests had errors]]></message>
    </failure>
    <test-suite type="TestSuite" id="1005" name="Delegates" fullname="Delegates" runstate="Runnable" testcasecount="3" result="Failed" site="Child" start-time="2018-03-26 15:44:01Z" end-time="2018-03-26 15:44:01Z" duration="0.071218" total="3" passed="0" failed="3" warnings="0" inconclusive="0" skipped="0" asserts="0">
      <failure>
        <message><![CDATA[One or more child tests had errors]]></message>
      </failure>
      <test-suite type="TestSuite" id="1006" name="TreeTraversal" fullname="Delegates.TreeTraversal" runstate="Runnable" testcasecount="3" result="Failed" site="Child" start-time="2018-03-26 15:44:01Z" end-time="2018-03-26 15:44:01Z" duration="0.067791" total="3" passed="0" failed="3" warnings="0" inconclusive="0" skipped="0" asserts="0">
        <failure>
          <message><![CDATA[One or more child tests had errors]]></message>
        </failure>
        <test-suite type="TestFixture" id="1000" name="Traversal_should" fullname="Delegates.TreeTraversal.Traversal_should" classname="Delegates.TreeTraversal.Traversal_should" runstate="Runnable" testcasecount="3" result="Failed" site="Child" start-time="2018-03-26 15:44:01Z" end-time="2018-03-26 15:44:01Z" duration="0.062916" total="3" passed="0" failed="3" warnings="0" inconclusive="0" skipped="0" asserts="0">
          <failure>
            <message><![CDATA[One or more child tests had errors]]></message>
          </failure>
          <test-case id="1001" name="GetBinaryTreeValues" fullname="Delegates.TreeTraversal.Traversal_should.GetBinaryTreeValues" methodname="GetBinaryTreeValues" classname="Delegates.TreeTraversal.Traversal_should" runstate="Runnable" seed="520440176" result="Failed" label="Error" start-time="2018-03-26 15:44:01Z" end-time="2018-03-26 15:44:01Z" duration="0.044718" asserts="0">
            <failure>
              <message><![CDATA[System.NotImplementedException : The method or operation is not implemented.]]></message>
              <stack-trace><![CDATA[   at Delegates.TreeTraversal.Traversal.GetBinaryTreeValues(BinaryTree`1 tree) in C:\MyRepo\Delegates.TreeTraversal\Traversal.cs:line 13
   at Delegates.TreeTraversal.Traversal_should.GetBinaryTreeValues() in C:\MyRepo\Delegates.TreeTraversal\Traversal_should.cs:line 54]]></stack-trace>
            </failure>
          </test-case>
          <test-case id="1002" name="GetEndJobs" fullname="Delegates.TreeTraversal.Traversal_should.GetEndJobs" methodname="GetEndJobs" classname="Delegates.TreeTraversal.Traversal_should" runstate="Runnable" seed="2145242575" result="Failed" label="Error" start-time="2018-03-26 15:44:01Z" end-time="2018-03-26 15:44:01Z" duration="0.001162" asserts="0">
            <failure>
              <message><![CDATA[System.NotImplementedException : The method or operation is not implemented.]]></message>
              <stack-trace><![CDATA[   at Delegates.TreeTraversal.Traversal.GetEndJobs(Job tree) in C:\MyRepo\Delegates.TreeTraversal\Traversal.cs:line 18
   at Delegates.TreeTraversal.Traversal_should.GetEndJobs() in C:\MyRepo\Delegates.TreeTraversal\Traversal_should.cs:line 87]]></stack-trace>
            </failure>
          </test-case>
          <test-case id="1003" name="GetProducts" fullname="Delegates.TreeTraversal.Traversal_should.GetProducts" methodname="GetProducts" classname="Delegates.TreeTraversal.Traversal_should" runstate="Runnable" seed="1222478637" result="Failed" label="Error" start-time="2018-03-26 15:44:01Z" end-time="2018-03-26 15:44:01Z" duration="0.001364" asserts="0">
            <failure>
              <message><![CDATA[System.NotImplementedException : The method or operation is not implemented.]]></message>
              <stack-trace><![CDATA[   at Delegates.TreeTraversal.Traversal.GetProducts(ProductCategory tree) in C:\MyRepo\Delegates.TreeTraversal\Traversal.cs:line 23
   at Delegates.TreeTraversal.Traversal_should.GetProducts() in C:\MyRepo\Delegates.TreeTraversal\Traversal_should.cs:line 133]]></stack-trace>
            </failure>
          </test-case>
        </test-suite>
      </test-suite>
    </test-suite>
  </test-suite>
</test-run>