<?xml version="1.0" encoding="utf-8"?>
<test-run id="2" name="Delegates.TreeTraversal.exe" fullname="C:/MyRepo/Delegates.TreeTraversal/bin/Debug/Delegates.TreeTraversal.exe" testcasecount="3" result="Passed" start-time="2018-04-15 14:21:30Z" end-time="2018-04-15 14:21:30Z" duration="0.191597" total="3" passed="3" failed="0" inconclusive="0" skipped="0" asserts="3" random-seed="1471171990">
  <command-line><![CDATA["C:\MyRepo\Delegates.TreeTraversal\bin\Debug\Delegates.TreeTraversal.exe"   ]]></command-line>
  <filter />
  <test-suite type="Assembly" id="1004" name="Delegates.TreeTraversal.exe" fullname="C:/MyRepo/Delegates.TreeTraversal/bin/Debug/Delegates.TreeTraversal.exe" runstate="Runnable" testcasecount="3" result="Passed" start-time="2018-04-15 14:21:30Z" end-time="2018-04-15 14:21:30Z" duration="0.191597" total="3" passed="3" failed="0" warnings="0" inconclusive="0" skipped="0" asserts="3">
    <environment framework-version="3.6.0.0" clr-version="4.0.30319.42000" os-version="Microsoft Windows NT 6.2.9200.0" platform="Win32NT" cwd="C:\MyRepo\Delegates.TreeTraversal\bin\Debug" machine-name="DESKTOP-MJHFLF4" user="altuk" user-domain="DESKTOP-MJHFLF4" culture="en-US" uiculture="en-US" os-architecture="x86" />
    <settings>
      <setting name="WorkDirectory" value="C:\MyRepo\Delegates.TreeTraversal\bin\Debug" />
      <setting name="NumberOfTestWorkers" value="4" />
    </settings>
    <properties>
      <property name="_PID" value="4088" />
      <property name="_APPDOMAIN" value="Delegates.TreeTraversal.exe" />
    </properties>
    <test-suite type="TestSuite" id="1005" name="Delegates" fullname="Delegates" runstate="Runnable" testcasecount="3" result="Passed" start-time="2018-04-15 14:21:30Z" end-time="2018-04-15 14:21:30Z" duration="0.156935" total="3" passed="3" failed="0" warnings="0" inconclusive="0" skipped="0" asserts="3">
      <test-suite type="TestSuite" id="1006" name="TreeTraversal" fullname="Delegates.TreeTraversal" runstate="Runnable" testcasecount="3" result="Passed" start-time="2018-04-15 14:21:30Z" end-time="2018-04-15 14:21:30Z" duration="0.153624" total="3" passed="3" failed="0" warnings="0" inconclusive="0" skipped="0" asserts="3">
        <test-suite type="TestFixture" id="1000" name="Traversal_should" fullname="Delegates.TreeTraversal.Traversal_should" classname="Delegates.TreeTraversal.Traversal_should" runstate="Runnable" testcasecount="3" result="Passed" start-time="2018-04-15 14:21:30Z" end-time="2018-04-15 14:21:30Z" duration="0.143057" total="3" passed="3" failed="0" warnings="0" inconclusive="0" skipped="0" asserts="3">
          <test-case id="1001" name="GetBinaryTreeValues" fullname="Delegates.TreeTraversal.Traversal_should.GetBinaryTreeValues" methodname="GetBinaryTreeValues" classname="Delegates.TreeTraversal.Traversal_should" runstate="Runnable" seed="274448561" result="Passed" start-time="2018-04-15 14:21:30Z" end-time="2018-04-15 14:21:30Z" duration="0.068173" asserts="1" />
          <test-case id="1002" name="GetEndJobs" fullname="Delegates.TreeTraversal.Traversal_should.GetEndJobs" methodname="GetEndJobs" classname="Delegates.TreeTraversal.Traversal_should" runstate="Runnable" seed="777345973" result="Passed" start-time="2018-04-15 14:21:30Z" end-time="2018-04-15 14:21:30Z" duration="0.009813" asserts="1" />
          <test-case id="1003" name="GetProducts" fullname="Delegates.TreeTraversal.Traversal_should.GetProducts" methodname="GetProducts" classname="Delegates.TreeTraversal.Traversal_should" runstate="Runnable" seed="1934931321" result="Passed" start-time="2018-04-15 14:21:30Z" end-time="2018-04-15 14:21:30Z" duration="0.027437" asserts="1" />
        </test-suite>
      </test-suite>
    </test-suite>
  </test-suite>
</test-run>