<?xml version="1.0" encoding="utf-8"?>
<test-run id="2" name="Delegates.TreeTraversal.exe" fullname="C:/MyRepo/Delegates.TreeTraversal/bin/Debug/Delegates.TreeTraversal.exe" testcasecount="1" result="Failed" start-time="2018-04-02 16:24:14Z" end-time="2018-04-02 16:24:15Z" duration="0.039367" total="1" passed="0" failed="1" inconclusive="0" skipped="0" asserts="0" random-seed="1983749671">
  <command-line><![CDATA["C:\MyRepo\Delegates.TreeTraversal\bin\Debug\Delegates.TreeTraversal.exe"   ]]></command-line>
  <filter />
  <test-suite type="Assembly" id="1002" name="Delegates.TreeTraversal.exe" fullname="C:/MyRepo/Delegates.TreeTraversal/bin/Debug/Delegates.TreeTraversal.exe" runstate="Runnable" testcasecount="1" result="Failed" site="Child" start-time="2018-04-02 16:24:14Z" end-time="2018-04-02 16:24:15Z" duration="0.039367" total="1" passed="0" failed="1" warnings="0" inconclusive="0" skipped="0" asserts="0">
    <environment framework-version="3.6.0.0" clr-version="4.0.30319.42000" os-version="Microsoft Windows NT 6.2.9200.0" platform="Win32NT" cwd="C:\MyRepo\Delegates.TreeTraversal\bin\Debug" machine-name="MSK-WS-120" user="aaltukhov" user-domain="INT" culture="ru-RU" uiculture="en-US" os-architecture="x86" />
    <settings>
      <setting name="WorkDirectory" value="C:\MyRepo\Delegates.TreeTraversal\bin\Debug" />
      <setting name="NumberOfTestWorkers" value="4" />
    </settings>
    <properties>
      <property name="_PID" value="10236" />
      <property name="_APPDOMAIN" value="Delegates.TreeTraversal.exe" />
    </properties>
    <failure>
      <message><![CDATA[One or more child tests had errors]]></message>
    </failure>
    <test-suite type="TestSuite" id="1003" name="Delegates" fullname="Delegates" runstate="Runnable" testcasecount="1" result="Failed" site="Child" start-time="2018-04-02 16:24:15Z" end-time="2018-04-02 16:24:15Z" duration="0.029018" total="1" passed="0" failed="1" warnings="0" inconclusive="0" skipped="0" asserts="0">
      <failure>
        <message><![CDATA[One or more child tests had errors]]></message>
      </failure>
      <test-suite type="TestSuite" id="1004" name="TreeTraversal" fullname="Delegates.TreeTraversal" runstate="Runnable" testcasecount="1" result="Failed" site="Child" start-time="2018-04-02 16:24:15Z" end-time="2018-04-02 16:24:15Z" duration="0.026088" total="1" passed="0" failed="1" warnings="0" inconclusive="0" skipped="0" asserts="0">
        <failure>
          <message><![CDATA[One or more child tests had errors]]></message>
        </failure>
        <test-suite type="TestFixture" id="1000" name="Traversal_should" fullname="Delegates.TreeTraversal.Traversal_should" classname="Delegates.TreeTraversal.Traversal_should" runstate="Runnable" testcasecount="1" result="Failed" site="Child" start-time="2018-04-02 16:24:15Z" end-time="2018-04-02 16:24:15Z" duration="0.021111" total="1" passed="0" failed="1" warnings="0" inconclusive="0" skipped="0" asserts="0">
          <failure>
            <message><![CDATA[One or more child tests had errors]]></message>
          </failure>
          <test-case id="1001" name="GetEndJobs" fullname="Delegates.TreeTraversal.Traversal_should.GetEndJobs" methodname="GetEndJobs" classname="Delegates.TreeTraversal.Traversal_should" runstate="Runnable" seed="817101669" result="Failed" label="Error" start-time="2018-04-02 16:24:15Z" end-time="2018-04-02 16:24:15Z" duration="0.012352" asserts="0">
            <failure>
              <message><![CDATA[System.NotImplementedException : The method or operation is not implemented.]]></message>
              <stack-trace><![CDATA[   at Delegates.TreeTraversal.Traversal.Travel[Tin,Tout](Tin root, Func`2 childrenSelector, Func`2 filter, Func`2 resultSelector) in C:\MyRepo\Delegates.TreeTraversal\Traversal.cs:line 58
   at Delegates.TreeTraversal.Traversal.GetEndJobs(Job tree) in C:\MyRepo\Delegates.TreeTraversal\Traversal.cs:line 25
   at Delegates.TreeTraversal.Traversal_should.GetEndJobs() in C:\MyRepo\Delegates.TreeTraversal\Traversal_should.cs:line 85]]></stack-trace>
            </failure>
          </test-case>
        </test-suite>
      </test-suite>
    </test-suite>
  </test-suite>
</test-run>